[debug] > Exec(early(addDefaultCommands), None, None)
[debug] > Exec(addDefaultCommands, None, None)
[debug] > Exec(early(initialize), None, None)
[debug] > Exec(initialize, None, None)
[debug] > Exec(early(addPluginSbtFile="""C:\Users\Limco\AppData\Local\Temp\idea.sbt"""), None, None)
[debug] > Exec(addPluginSbtFile="""C:\Users\Limco\AppData\Local\Temp\idea.sbt""", None, None)
[debug] > Exec(boot, None, None)
[debug] > Exec(writeSbtVersion, None, None)
[debug] > Exec(reload, None, None)
[debug] > Exec(sbtStashOnFailure, None, None)
[debug] > Exec(onFailure loadFailed, None, None)
[debug] > Exec(loadp, None, None)
[info] welcome to sbt 1.9.7 (Oracle Corporation Java 22.0.1)
[debug] Load.defaultLoad until apply took 66.9344ms
[debug]           Load.loadUnit: plugins took 50.8526ms
[debug]           Load.loadUnit: defsScala took 0.1249ms
[debug] [Loading] Scanning directory C:\To Hard drive\Computer Science\Object Orientated Programming\Extra Documents\finalprojectv2-Cobralim0147\project
[debug]             Load.loadUnit: mkEval took 3.794ms
[debug] [Loading] Found non-root projects 
[debug] [Loading] Done in C:\To Hard drive\Computer Science\Object Orientated Programming\Extra Documents\finalprojectv2-Cobralim0147\project, returning: ()
[debug] deducing auto plugins based on known facts Set(Atom(sbt.plugins.CorePlugin)) and clauses Clauses(Clause(Atom(sbt.plugins.JvmPlugin),Set(Atom(sbt.plugins.IvyPlugin)))
[debug] Clause(Atom(sbt.ScriptedPlugin),Set(Atom(sbt.plugins.JvmPlugin)))
[debug] Clause(Atom(sbt.plugins.SbtPlugin),Set(Atom(sbt.ScriptedPlugin)))
[debug] Clause(Atom(sbt.plugins.SemanticdbPlugin),Set(Atom(sbt.plugins.JvmPlugin)))
[debug] Clause(Atom(sbt.plugins.JUnitXmlReportPlugin),Set(Atom(sbt.plugins.JvmPlugin)))
[debug] Clause(Atom(sbt.plugins.MiniDependencyTreePlugin),Set(Atom(sbt.plugins.JvmPlugin)))
[debug] Clause(Atom(sbt.plugins.CorePlugin),Set(Atom(sbt.plugins.IvyPlugin)))
[debug] Clause(Atom(sbt.plugins.IvyPlugin),Set(Atom(sbt.plugins.JvmPlugin)))
[debug] Clause(Atom(sbt.plugins.JvmPlugin),Set(Atom(sbt.plugins.SemanticdbPlugin)))
[debug] Clause(Atom(sbt.plugins.JvmPlugin),Set(Atom(sbt.plugins.JUnitXmlReportPlugin)))
[debug] Clause(Atom(sbt.plugins.CorePlugin),Set(Atom(sbt.plugins.Giter8TemplatePlugin)))
[debug] Clause(Atom(sbt.plugins.JvmPlugin),Set(Atom(sbt.plugins.MiniDependencyTreePlugin))))
[debug]   :: deduced result: Matched(sbt.plugins.CorePlugin,sbt.plugins.Giter8TemplatePlugin,sbt.plugins.IvyPlugin,sbt.plugins.JvmPlugin,sbt.plugins.MiniDependencyTreePlugin,sbt.plugins.JUnitXmlReportPlugin,sbt.plugins.SemanticdbPlugin)
[debug] Plugins.deducer#function took 7.9531 ms
[info] loading settings for project finalprojectv2-cobralim0147-build from idea.sbt ...
[debug]               Load.resolveProject(finalprojectv2-cobralim0147-build) took 24.7143ms
[debug]             Load.loadTransitive: finalizeProject(Project(id finalprojectv2-cobralim0147-build, base: C:\To Hard drive\Computer Science\Object Orientated Programming\Extra Documents\finalprojectv2-Cobralim0147\project, plugins: List(<none>))) took 36.6692ms
[debug] [Loading] Done in C:\To Hard drive\Computer Science\Object Orientated Programming\Extra Documents\finalprojectv2-Cobralim0147\project, returning: (finalprojectv2-cobralim0147-build)
[debug]           Load.loadUnit: loadedProjectsRaw took 1884.044ms
[debug]           Load.loadUnit: cleanEvalClasses took 5.6938ms
[debug]         Load.loadUnit(file:/C:/To%20Hard%20drive/Computer%20Science/Object%20Orientated%20Programming/Extra%20Documents/finalprojectv2-Cobralim0147/project/, ...) took 1943.6208ms
[debug]       Load.apply: load took 2033.2699ms
[debug]       Load.apply: resolveProjects took 2.685ms
[debug]       Load.apply: finalTransforms took 39.0671ms
[debug]       Load.apply: config.delegates took 5.0306ms
[debug]       Load.apply: Def.make(settings)... took 309.9872ms
[debug]       Load.apply: structureIndex took 106.2227ms
[debug]       Load.apply: mkStreams took 2.7497ms
[info] loading project definition from C:\To Hard drive\Computer Science\Object Orientated Programming\Extra Documents\finalprojectv2-Cobralim0147\project
[debug] Running task... Cancel: Signal, check cycles: false, forcegc: true
[debug]     Load.loadUnit: plugins took 3901.773ms
[debug]     Load.loadUnit: defsScala took 0.0029ms
[debug] [Loading] Scanning directory C:\To Hard drive\Computer Science\Object Orientated Programming\Extra Documents\finalprojectv2-Cobralim0147
[debug]       Load.loadUnit: mkEval took 0.2498ms
[debug] [Loading] Found root project root w/ remaining 
[debug] deducing auto plugins based on known facts Set(Atom(sbt.plugins.CorePlugin)) and clauses Clauses(Clause(Atom(sbt.plugins.JvmPlugin),Set(Atom(sbt.plugins.IvyPlugin)))
[debug] Clause(Atom(sbt.ScriptedPlugin),Set(Atom(sbt.plugins.JvmPlugin)))
[debug] Clause(Atom(sbt.plugins.SbtPlugin),Set(Atom(sbt.ScriptedPlugin)))
[debug] Clause(Atom(sbt.plugins.SemanticdbPlugin),Set(Atom(sbt.plugins.JvmPlugin)))
[debug] Clause(Atom(sbt.plugins.JUnitXmlReportPlugin),Set(Atom(sbt.plugins.JvmPlugin)))
[debug] Clause(Atom(sbt.plugins.MiniDependencyTreePlugin),Set(Atom(sbt.plugins.JvmPlugin)))
[debug] Clause(Atom(org.jetbrains.sbt.StructurePlugin),Set(Atom(sbt.plugins.JvmPlugin)))
[debug] Clause(Atom(org.jetbrains.sbt.IdeaShellPlugin),Set(Atom(sbt.plugins.JvmPlugin)))
[debug] Clause(Atom(org.jetbrains.sbt.indices.SbtIntellijIndicesPlugin),Set(Atom(sbt.plugins.JvmPlugin)))
[debug] Clause(Atom(sbt.plugins.CorePlugin),Set(Atom(sbt.plugins.IvyPlugin)))
[debug] Clause(Atom(sbt.plugins.IvyPlugin),Set(Atom(sbt.plugins.JvmPlugin)))
[debug] Clause(Atom(sbt.plugins.JvmPlugin),Set(Atom(sbt.plugins.SemanticdbPlugin)))
[debug] Clause(Atom(sbt.plugins.JvmPlugin),Set(Atom(sbt.plugins.JUnitXmlReportPlugin)))
[debug] Clause(Atom(sbt.plugins.CorePlugin),Set(Atom(sbt.plugins.Giter8TemplatePlugin)))
[debug] Clause(Atom(sbt.plugins.JvmPlugin),Set(Atom(sbt.plugins.MiniDependencyTreePlugin)))
[debug] Clause(Atom(sbt.plugins.JvmPlugin),Set(Atom(org.jetbrains.sbt.StructurePlugin)))
[debug] Clause(Atom(sbt.plugins.JvmPlugin),Set(Atom(org.jetbrains.sbt.IdeaShellPlugin)))
[debug] Clause(And(Set(Atom(sbt.plugins.CorePlugin), Atom(sbt.plugins.JvmPlugin))),Set(Atom(org.jetbrains.sbt.indices.SbtIntellijIndicesPlugin))))
[debug]   :: deduced result: Matched(sbt.plugins.CorePlugin,sbt.plugins.Giter8TemplatePlugin,sbt.plugins.IvyPlugin,sbt.plugins.JvmPlugin,sbt.plugins.SemanticdbPlugin,org.jetbrains.sbt.indices.SbtIntellijIndicesPlugin,sbt.plugins.JUnitXmlReportPlugin,org.jetbrains.sbt.IdeaShellPlugin,org.jetbrains.sbt.StructurePlugin,sbt.plugins.MiniDependencyTreePlugin)
[debug] Plugins.deducer#function took 2.3518 ms
[info] loading settings for project root from build.sbt ...
[debug]         Load.resolveProject(root) took 19.5536ms
[debug]       Load.loadTransitive: finalizeProject(Project(id root, base: C:\To Hard drive\Computer Science\Object Orientated Programming\Extra Documents\finalprojectv2-Cobralim0147, plugins: List(<none>))) took 23.0801ms
[debug] [Loading] Done in C:\To Hard drive\Computer Science\Object Orientated Programming\Extra Documents\finalprojectv2-Cobralim0147, returning: (root)
[debug]     Load.loadUnit: loadedProjectsRaw took 849.6673ms
[debug]     Load.loadUnit: cleanEvalClasses took 16.6059ms
[debug]   Load.loadUnit(file:/C:/To%20Hard%20drive/Computer%20Science/Object%20Orientated%20Programming/Extra%20Documents/finalprojectv2-Cobralim0147/, ...) took 4769.3295ms
[debug] Load.apply: load took 4780.0272ms
[debug] Load.apply: resolveProjects took 0.0887ms
[debug] Load.apply: finalTransforms took 18.1907ms
[debug] Load.apply: config.delegates took 0.7901ms
[debug] Load.apply: Def.make(settings)... took 54.4129ms
[debug] Load.apply: structureIndex took 18.5019ms
[debug] Load.apply: mkStreams took 0.0023ms
[info] set current project to scalaFXIntro (in build file:/C:/To%20Hard%20drive/Computer%20Science/Object%20Orientated%20Programming/Extra%20Documents/finalprojectv2-Cobralim0147/)
[debug] > Exec(sbtPopOnFailure, None, None)
[debug] > Exec(resumeFromFailure, None, None)
[debug] > Exec(notifyUsersAboutShell, None, None)
[debug] > Exec(iflast shell, None, None)
[debug] > Exec(; set ideaPort in Global := 65243 ; idea-shell, None, None)
[debug] > Exec(set ideaPort in Global := 65243, None, None)
[info] Defining Global / ideaPort
[info] The new value will be used by Compile / compile, Test / compile
[debug] Defining 
[debug] 	Global / ideaPort
[debug] 
[debug] The new value will be used by 
[debug] 	Compile / compile
[debug] 	Test / compile
[info] Reapplying settings...
[info] set current project to scalaFXIntro (in build file:/C:/To%20Hard%20drive/Computer%20Science/Object%20Orientated%20Programming/Extra%20Documents/finalprojectv2-Cobralim0147/)
[debug] > Exec(idea-shell, None, None)
